<?xml version="1.0" encoding="utf-8"?><testsuite errors="0" failures="1" name="pytest" skips="0" tests="1" time="65.517"><testcase classname="tests.atomic.account_management.test_create_account.TestCreateAccount" file="tests/atomic/account_management/test_create_account.py" line="11" name="test_create_account" time="65.04365491867065"><failure message="selenium.common.exceptions.NoSuchElementException: Message: Device 1: &apos;CreateAccountButton&apos; is not found on the screen">E   selenium.common.exceptions.NoSuchElementException: Message: Device 1: &apos;CreateAccountButton&apos; is not found on the screen</failure></testcase></testsuite>